<?xml version="1.0" encoding="UTF-8"?>
<!-- Generated by org.testng.reporters.JUnitReportReporter -->
<testsuite skipped="0" hostname="DESKTOP-UARE31A" name="com.naukri.testcases.LoginTest" tests="1" failures="0" timestamp="10 Sep 2019 10:07:16 GMT" time="20.341" errors="0">
  <testcase name="searchtest" time="20.341" classname="com.naukri.testcases.LoginTest"/>
</testsuite> <!-- com.naukri.testcases.LoginTest -->
